<?xml version="1.0" encoding="UTF-8"?>
<!-- Generated by org.testng.reporters.JUnitReportReporter -->
<testsuite skipped="0" hostname="mrunal-mac.local" name="certification.LoginPage2" tests="3" failures="0" timestamp="2020-12-22T23:27:34 IST" time="42.863" errors="0">
  <testcase name="formPageValidation" time="30.096" classname="certification.LoginPage2"/>
  <system-out/>
  <testcase name="submitForm" time="3.265" classname="certification.LoginPage2"/>
  <system-out/>
  <testcase name="loginTest" time="9.502" classname="certification.LoginPage2"/>
  <system-out/>
</testsuite> <!-- certification.LoginPage2 -->
