<?xml version="1.0" encoding="UTF-8"?>
<!-- Generated by org.testng.reporters.JUnitReportReporter -->
<testsuite skipped="1" hostname="mrunal-mac.local" name="certification.LoginPage" tests="3" failures="1" timestamp="2020-12-23T08:46:32 IST" time="11.203" errors="0">
  <testcase name="loginTest" time="10.354" classname="certification.LoginPage"/>
  <system-out/>
  <testcase name="formPageValidation" time="0.849" classname="certification.LoginPage">
    <failure type="java.lang.AssertionError" message="89 expected:&lt;89&gt; but was:&lt;slider mismatch happened&gt;">
      <![CDATA[java.lang.AssertionError: 89 expected:<89> but was:<slider mismatch happened>
at org.testng.AssertJUnit.assertEquals(AssertJUnit.java:115)
at certification.LoginPage.formPageValidation(LoginPage.java:133)
at sun.reflect.NativeMethodAccessorImpl.invoke0(Native Method)
at sun.reflect.NativeMethodAccessorImpl.invoke(NativeMethodAccessorImpl.java:62)
at sun.reflect.DelegatingMethodAccessorImpl.invoke(DelegatingMethodAccessorImpl.java:43)
at java.lang.reflect.Method.invoke(Method.java:498)
at org.testng.internal.MethodInvocationHelper.invokeMethod(MethodInvocationHelper.java:132)
at org.testng.internal.TestInvoker.invokeMethod(TestInvoker.java:599)
at org.testng.internal.TestInvoker.invokeTestMethod(TestInvoker.java:174)
at org.testng.internal.MethodRunner.runInSequence(MethodRunner.java:46)
at org.testng.internal.TestInvoker$MethodInvocationAgent.invoke(TestInvoker.java:822)
at org.testng.internal.TestInvoker.invokeTestMethods(TestInvoker.java:147)
at org.testng.internal.TestMethodWorker.invokeTestMethods(TestMethodWorker.java:146)
at org.testng.internal.TestMethodWorker.run(TestMethodWorker.java:128)
at java.util.concurrent.ThreadPoolExecutor.runWorker(ThreadPoolExecutor.java:1149)
at java.util.concurrent.ThreadPoolExecutor$Worker.run(ThreadPoolExecutor.java:624)
at java.lang.Thread.run(Thread.java:748)
]]>
    </failure>
  </testcase> <!-- formPageValidation -->
  <system-out/>
  <testcase name="submitForm" time="0.000" classname="certification.LoginPage">
    <skipped/>
  </testcase> <!-- submitForm -->
  <system-out/>
</testsuite> <!-- certification.LoginPage -->
