<?xml version="1.0" encoding="UTF-8"?>
<!-- Generated by org.testng.reporters.JUnitReportReporter -->
<testsuite skipped="0" hostname="mrunal-mac.local" name="certification.LambdaTestLocalMachine" tests="3" failures="0" timestamp="2020-12-23T09:40:02 IST" time="13.347" errors="0">
  <testcase name="formPageValidation" time="3.528" classname="certification.LambdaTestLocalMachine"/>
  <system-out/>
  <testcase name="submitForm" time="0.097" classname="certification.LambdaTestLocalMachine"/>
  <system-out/>
  <testcase name="loginTest" time="9.722" classname="certification.LambdaTestLocalMachine"/>
  <system-out/>
</testsuite> <!-- certification.LambdaTestLocalMachine -->
